<?xml version="1.0" encoding="UTF-8"?>
<!-- Generated by org.testng.reporters.JUnitReportReporter -->
<testsuite skipped="0" hostname="win8-40" name="weather.WeatherTest" tests="3" failures="0" timestamp="27 十一月 2018 09:47:27 GMT" time="0.359" errors="0">
  <testcase name="getBeiJing_Succ" time="0.250" classname="weather.WeatherTest"/>
  <testcase name="getShenZhen_Succ" time="0.047" classname="weather.WeatherTest"/>
  <testcase name="getShangHai_Succ" time="0.062" classname="weather.WeatherTest"/>
</testsuite> <!-- weather.WeatherTest -->
